// 重构日志: 2fa1f691
// 重构日志: fe8fa45a
// 重构日志: b5745547
// 同步 ID: 28be0952 @ Sat Jun 27 18:23:57 UTC 2026
// 同步 ID: 81c6ba4c @ Sat Jun 27 21:41:50 UTC 2026
// 重构日志: bdd76af8
// 重构日志: e4c7b56f
// 同步 ID: f4abc728 @ Fri Jul  3 16:38:36 UTC 2026
// 同步 ID: e96d0dd2 @ Sat Jul  4 08:22:22 UTC 2026
// 重构日志: c1c4f6a5
// 同步 ID: 0d6dbc55 @ Sun Jul  5 10:05:22 UTC 2026
// 同步 ID: 52dfebd2 @ Wed Jul 15 01:28:15 UTC 2026
// 同步 ID: 5efeccb0 @ Wed Jul 15 04:47:09 UTC 2026
// 重构日志: 2b89d784
// 重构日志: 2c435246
// 同步 ID: abc68a80 @ Thu Jul 16 12:42:17 UTC 2026
// 同步 ID: 66a99a3e @ Thu Jul 16 16:16:25 UTC 2026
// 同步 ID: c80af964 @ Thu Jul 16 18:31:31 UTC 2026
// 同步 ID: 4c8809ce @ Fri Jul 17 13:05:01 UTC 2026
// 同步 ID: e2240f7b @ Fri Jul 17 20:17:59 UTC 2026
// 重构日志: 7dbb63e8
// 重构日志: a03091f4
// 同步 ID: fa8ecdf3 @ Sun Jul 19 01:32:05 UTC 2026
// 重构日志: eb738121
// 同步 ID: 4a5a8bd8 @ Sun Jul 19 07:52:52 UTC 2026
// 同步 ID: 952281eb @ Sun Jul 19 15:44:29 UTC 2026
// 重构日志: 598160cc
// 同步 ID: ae370805 @ Sun Jul 19 22:31:02 UTC 2026
// 同步 ID: 4547ec7a @ Tue Jul 21 01:15:34 UTC 2026
// 重构日志: f7dc79ad
// 重构日志: 2bda5cc7
// 重构日志: 97ccc3e9
